0 info it worked if it ends with ok
1 verbose cli [ 'node', '/usr/local/bin/npm', 'shrinkwrap' ]
2 info using npm@2.14.11
3 info using node@v0.12.0
4 verbose node symlink /usr/local/bin/node
5 verbose stack Error: Problems were encountered
5 verbose stack Please correct and try again.
5 verbose stack extraneous: changelog@1.0.7 /Users/jakecraige/gitrepos/nock-shrinkwrap/node_modules/nock/node_modules/changelog
5 verbose stack     at shrinkwrap_ (/usr/local/lib/node_modules/npm/lib/shrinkwrap.js:37:15)
5 verbose stack     at /usr/local/lib/node_modules/npm/lib/shrinkwrap.js:31:5
5 verbose stack     at /usr/local/lib/node_modules/npm/lib/ls.js:47:30
5 verbose stack     at /usr/local/lib/node_modules/npm/node_modules/read-installed/read-installed.js:142:5
5 verbose stack     at /usr/local/lib/node_modules/npm/node_modules/read-installed/read-installed.js:263:14
5 verbose stack     at cb (/usr/local/lib/node_modules/npm/node_modules/slide/lib/async-map.js:47:24)
5 verbose stack     at /usr/local/lib/node_modules/npm/node_modules/read-installed/read-installed.js:263:14
5 verbose stack     at cb (/usr/local/lib/node_modules/npm/node_modules/slide/lib/async-map.js:47:24)
5 verbose stack     at /usr/local/lib/node_modules/npm/node_modules/read-installed/read-installed.js:263:14
5 verbose stack     at cb (/usr/local/lib/node_modules/npm/node_modules/slide/lib/async-map.js:47:24)
6 verbose cwd /Users/jakecraige/gitrepos/nock-shrinkwrap
7 error Darwin 15.0.0
8 error argv "node" "/usr/local/bin/npm" "shrinkwrap"
9 error node v0.12.0
10 error npm  v2.14.11
11 error Problems were encountered
11 error Please correct and try again.
11 error extraneous: changelog@1.0.7 /Users/jakecraige/gitrepos/nock-shrinkwrap/node_modules/nock/node_modules/changelog
12 error If you need help, you may report this error at:
12 error     <https://github.com/npm/npm/issues>
13 verbose exit [ 1, true ]
